0 info it worked if it ends with ok
1 verbose cli [ '/usr/bin/node',
1 verbose cli   '/usr/bin/npm',
1 verbose cli   'install',
1 verbose cli   'gulp-rsync',
1 verbose cli   '--save-dev' ]
2 info using npm@1.4.28
3 info using node@v0.10.38
4 verbose node symlink /usr/bin/node
5 warn package.json elArcaP2P@0.0.0 No description
6 warn package.json elArcaP2P@0.0.0 No repository field.
7 warn package.json elArcaP2P@0.0.0 No README data
8 warn package.json karma-phantomjs-launcher@0.1.4 No README data
9 verbose readDependencies using package.json deps
10 verbose cache add [ 'gulp-rsync', null ]
11 verbose cache add name=undefined spec="gulp-rsync" args=["gulp-rsync",null]
12 verbose parsed url { protocol: null,
12 verbose parsed url   slashes: null,
12 verbose parsed url   auth: null,
12 verbose parsed url   host: null,
12 verbose parsed url   port: null,
12 verbose parsed url   hostname: null,
12 verbose parsed url   hash: null,
12 verbose parsed url   search: null,
12 verbose parsed url   query: null,
12 verbose parsed url   pathname: 'gulp-rsync',
12 verbose parsed url   path: 'gulp-rsync',
12 verbose parsed url   href: 'gulp-rsync' }
13 silly lockFile c8377b51-gulp-rsync gulp-rsync
14 verbose lock gulp-rsync /home/nacho/.npm/c8377b51-gulp-rsync.lock
15 silly lockFile c8377b51-gulp-rsync gulp-rsync
16 silly lockFile c8377b51-gulp-rsync gulp-rsync
17 verbose addNamed [ 'gulp-rsync', '' ]
18 verbose addNamed [ null, '*' ]
19 silly lockFile ff85e7a3-gulp-rsync gulp-rsync@
20 verbose lock gulp-rsync@ /home/nacho/.npm/ff85e7a3-gulp-rsync.lock
21 silly addNameRange { name: 'gulp-rsync', range: '*', hasData: false }
22 verbose request where is /gulp-rsync
23 verbose request registry https://registry.npmjs.org/
24 verbose request id 71bb81f894c864e0
25 verbose url raw /gulp-rsync
26 verbose url resolving [ 'https://registry.npmjs.org/', './gulp-rsync' ]
27 verbose url resolved https://registry.npmjs.org/gulp-rsync
28 verbose request where is https://registry.npmjs.org/gulp-rsync
29 info trying registry request attempt 1 at 12:34:40
30 http GET https://registry.npmjs.org/gulp-rsync
31 info retry will retry, error on last attempt: Error: tunneling socket could not be established, cause=connect ETIMEDOUT
32 info trying registry request attempt 2 at 12:36:57
33 http GET https://registry.npmjs.org/gulp-rsync
34 info retry will retry, error on last attempt: Error: tunneling socket could not be established, cause=connect ETIMEDOUT
35 info trying registry request attempt 3 at 12:40:04
36 http GET https://registry.npmjs.org/gulp-rsync
37 silly lockFile ff85e7a3-gulp-rsync gulp-rsync@
38 silly lockFile ff85e7a3-gulp-rsync gulp-rsync@
39 error network tunneling socket could not be established, cause=connect ETIMEDOUT
39 error network This is most likely not a problem with npm itself
39 error network and is related to network connectivity.
39 error network In most cases you are behind a proxy or have bad network settings.
39 error network
39 error network If you are behind a proxy, please make sure that the
39 error network 'proxy' config is set properly.  See: 'npm help config'
40 error System Linux 3.16.0-33-generic
41 error command "/usr/bin/node" "/usr/bin/npm" "install" "gulp-rsync" "--save-dev"
42 error cwd /home/nacho/Aventura/ElArcaP2P
43 error node -v v0.10.38
44 error npm -v 1.4.28
45 error code ECONNRESET
46 verbose exit [ 1, true ]
