0 info it worked if it ends with ok
1 verbose cli [ '/usr/bin/node',
1 verbose cli   '/usr/bin/npm',
1 verbose cli   'install',
1 verbose cli   '--save',
1 verbose cli   'sails-mongo' ]
2 info using npm@1.4.28
3 info using node@v0.10.38
4 verbose node symlink /usr/bin/node
5 warn package.json mandrill-api@1.0.41 No README data
6 verbose readDependencies using package.json deps
7 verbose cache add [ 'sails-mongo', null ]
8 verbose cache add name=undefined spec="sails-mongo" args=["sails-mongo",null]
9 verbose parsed url { protocol: null,
9 verbose parsed url   slashes: null,
9 verbose parsed url   auth: null,
9 verbose parsed url   host: null,
9 verbose parsed url   port: null,
9 verbose parsed url   hostname: null,
9 verbose parsed url   hash: null,
9 verbose parsed url   search: null,
9 verbose parsed url   query: null,
9 verbose parsed url   pathname: 'sails-mongo',
9 verbose parsed url   path: 'sails-mongo',
9 verbose parsed url   href: 'sails-mongo' }
10 silly lockFile 10317108-sails-mongo sails-mongo
11 verbose lock sails-mongo /home/nacho/.npm/10317108-sails-mongo.lock
12 silly lockFile 10317108-sails-mongo sails-mongo
13 silly lockFile 10317108-sails-mongo sails-mongo
14 verbose addNamed [ 'sails-mongo', '' ]
15 verbose addNamed [ null, '*' ]
16 silly lockFile 4d8c2eb7-sails-mongo sails-mongo@
17 verbose lock sails-mongo@ /home/nacho/.npm/4d8c2eb7-sails-mongo.lock
18 silly addNameRange { name: 'sails-mongo', range: '*', hasData: false }
19 verbose request where is /sails-mongo
20 verbose request registry https://registry.npmjs.org/
21 verbose request id 91949e8dcf782a28
22 verbose url raw /sails-mongo
23 verbose url resolving [ 'https://registry.npmjs.org/', './sails-mongo' ]
24 verbose url resolved https://registry.npmjs.org/sails-mongo
25 verbose request where is https://registry.npmjs.org/sails-mongo
26 info trying registry request attempt 1 at 22:49:53
27 http GET https://registry.npmjs.org/sails-mongo
28 info retry will retry, error on last attempt: Error: getaddrinfo ESRCH
29 info trying registry request attempt 2 at 22:50:03
30 http GET https://registry.npmjs.org/sails-mongo
31 info retry will retry, error on last attempt: Error: getaddrinfo ESRCH
32 info trying registry request attempt 3 at 22:51:03
33 http GET https://registry.npmjs.org/sails-mongo
34 silly lockFile 4d8c2eb7-sails-mongo sails-mongo@
35 silly lockFile 4d8c2eb7-sails-mongo sails-mongo@
36 error Error: getaddrinfo ESRCH
36 error     at errnoException (dns.js:37:11)
36 error     at Object.onanswer [as oncomplete] (dns.js:124:16)
37 error If you need help, you may report this *entire* log,
37 error including the npm and node versions, at:
37 error     <http://github.com/npm/npm/issues>
38 error System Linux 3.16.0-33-generic
39 error command "/usr/bin/node" "/usr/bin/npm" "install" "--save" "sails-mongo"
40 error cwd /home/nacho/Aventura/ElArcaP2P/servicio
41 error node -v v0.10.38
42 error npm -v 1.4.28
43 error syscall getaddrinfo
44 error code ESRCH
45 error errno ESRCH
46 verbose exit [ 1, true ]
